<?xml version="1.0" encoding="utf-8"?><testsuite errors="0" failures="1" name="pytest" skips="0" tests="16" time="0.124"><testcase classname="test_controller" file="test_controller.py" line="4" name="test_selectRoster" time="0.0017702579498291016"><failure message="assert None
 +  where None = &lt;bound method Controller.selectRoster of &lt;controller.Controller object at 0x7f49c6472f60&gt;&gt;(1)
 +    where &lt;bound method Controller.selectRoster of &lt;controller.Controller object at 0x7f49c6472f60&gt;&gt; = &lt;controller.Controller object at 0x7f49c6472f60&gt;.selectRoster">def test_selectRoster():
&gt;       assert ctl.selectRoster(1)
E       assert None
E        +  where None = &lt;bound method Controller.selectRoster of &lt;controller.Controller object at 0x7f49c6472f60&gt;&gt;(1)
E        +    where &lt;bound method Controller.selectRoster of &lt;controller.Controller object at 0x7f49c6472f60&gt;&gt; = &lt;controller.Controller object at 0x7f49c6472f60&gt;.selectRoster

test_controller.py:6: AssertionError</failure></testcase><testcase classname="test_player" file="test_player.py" line="4" name="test_setName" time="0.0006005764007568359"></testcase><testcase classname="test_player" file="test_player.py" line="11" name="test_setAttackStat" time="0.0004813671112060547"></testcase><testcase classname="test_player" file="test_player.py" line="18" name="test_setBlockStat" time="0.0004916191101074219"></testcase><testcase classname="test_player" file="test_player.py" line="25" name="test_eq" time="0.0004763603210449219"></testcase><testcase classname="test_player" file="test_player.py" line="32" name="test_str" time="0.0005993843078613281"></testcase><testcase classname="test_player" file="test_player.py" line="36" name="test_repr" time="0.0005068778991699219"></testcase><testcase classname="test_roster" file="test_roster.py" line="7" name="test_getCopyOfPlayers" time="0.0006315708160400391"></testcase><testcase classname="test_team" file="test_team.py" line="6" name="test_addPlayer" time="0.0005037784576416016"></testcase><testcase classname="test_team" file="test_team.py" line="12" name="test_removePlayer" time="0.0005400180816650391"></testcase><testcase classname="test_team" file="test_team.py" line="17" name="test_getId" time="0.0004775524139404297"></testcase><testcase classname="test_team" file="test_team.py" line="20" name="test_getName" time="0.00047516822814941406"></testcase><testcase classname="test_team" file="test_team.py" line="23" name="test_contains" time="0.000461578369140625"></testcase><testcase classname="test_team" file="test_team.py" line="27" name="test_isFull_teamOf5" time="0.0004990100860595703"></testcase><testcase classname="test_team" file="test_team.py" line="35" name="test_isFull_teamOf6" time="0.0004627704620361328"></testcase><testcase classname="test_team" file="test_team.py" line="41" name="test_isFull_teamOf7" time="0.00046133995056152344"></testcase></testsuite>